#
# A fatal error has been detected by the Java Runtime Environment:
#
#  EXCEPTION_ACCESS_VIOLATION (0xc0000005) at pc=0x0000000058ade6b6, pid=21708, tid=0x0000000000005af8
#
# JRE version: Java(TM) SE Runtime Environment (8.0_291-b10) (build 1.8.0_291-b10)
# Java VM: Java HotSpot(TM) 64-Bit Server VM (25.291-b10 mixed mode windows-amd64 compressed oops)
# Problematic frame:
# V  [jvm.dll+0x22e6b6]
#
# Failed to write core dump. Minidumps are not enabled by default on client versions of Windows
#
# If you would like to submit a bug report, please visit:
#   http://bugreport.java.com/bugreport/crash.jsp
#

---------------  T H R E A D  ---------------

Current thread (0x000001d2bb664800):  VMThread [stack: 0x0000007d94f00000,0x0000007d95000000] [id=23288]

siginfo: ExceptionCode=0xc0000005, reading address 0x0000000000000008

Registers:
RAX=0x0000000000000000, RBX=0x0000007d94ffed90, RCX=0x0000000000000000, RDX=0x0000000000000028
RSP=0x0000007d94ffeac0, RBP=0x0000007d94fff2f0, RSI=0x0000000000000000, RDI=0x0000007d94fff460
R8 =0x0000000000000000, R9 =0x000001d2bb0404d0, R10=0x000001d2a50ca040, R11=0x000001d2bb040f6d
R12=0x00000000000000d9, R13=0x000001d2a50fa450, R14=0x00000000000000b6, R15=0x00000000588b0000
RIP=0x0000000058ade6b6, EFLAGS=0x0000000000010206

Top of Stack: (sp=0x0000007d94ffeac0)
0x0000007d94ffeac0:   00000001a6e7bd01 000001d2be2831e0
0x0000007d94ffead0:   0000000000000000 0000000200000000
0x0000007d94ffeae0:   0000000000000000 000000000000000f
0x0000007d94ffeaf0:   000001d2be283250 0000000000000000
0x0000007d94ffeb00:   0000007d944ff7d0 0000007d944ff7d0
0x0000007d94ffeb10:   0000000000000001 000001d2be283230
0x0000007d94ffeb20:   000001d2a6e89f0d 0000000200000000
0x0000007d94ffeb30:   0000000000000000 000000000000000f
0x0000007d94ffeb40:   000001d2be2832a0 0000000000000000
0x0000007d94ffeb50:   0000000000000000 0000000100156ab0
0x0000007d94ffeb60:   00000001a6ea0901 000001d2be283280
0x0000007d94ffeb70:   0000000000000000 0000000200000000
0x0000007d94ffeb80:   0000000000000000 000000000000000f
0x0000007d94ffeb90:   000001d2be2832f0 0000000000000000
0x0000007d94ffeba0:   0000000000000000 0000000100000f28
0x0000007d94ffebb0:   0000000000000001 000001d2be2832d0 

Instructions: (pc=0x0000000058ade6b6)
0x0000000058ade696:   01 00 00 48 8b 05 08 ab 56 00 48 33 c4 48 89 84
0x0000000058ade6a6:   24 30 01 00 00 48 8b d9 48 63 49 10 48 8b 43 08
0x0000000058ade6b6:   38 54 08 08 74 33 44 0f be c2 48 8d 4c 24 20 48
0x0000000058ade6c6:   8d 15 94 7e 3b 00 e8 5f cc df ff ba 36 00 00 00 


Register to memory mapping:

RAX=0x0000000000000000 is an unknown value
RBX=0x0000007d94ffed90 is an unknown value
RCX=0x0000000000000000 is an unknown value
RDX=0x0000000000000028 is an unknown value
RSP=0x0000007d94ffeac0 is an unknown value
RBP=0x0000007d94fff2f0 is an unknown value
RSI=0x0000000000000000 is an unknown value
RDI=0x0000007d94fff460 is an unknown value
R8 =0x0000000000000000 is an unknown value
R9 =0x000001d2bb0404d0 is pointing into metadata
R10=0x000001d2a50ca040 is an unknown value
R11=0x000001d2bb040f6d is pointing into metadata
R12=0x00000000000000d9 is an unknown value
R13=0x000001d2a50fa450 is an unknown value
R14=0x00000000000000b6 is an unknown value
R15=0x00000000588b0000 is an unknown value


Stack: [0x0000007d94f00000,0x0000007d95000000],  sp=0x0000007d94ffeac0,  free space=1018k
Native frames: (J=compiled Java code, j=interpreted, Vv=VM code, C=native code)
V  [jvm.dll+0x22e6b6]
V  [jvm.dll+0x22edd4]
V  [jvm.dll+0x1068b3]
V  [jvm.dll+0x108813]
V  [jvm.dll+0x10907e]
V  [jvm.dll+0x1066ea]
V  [jvm.dll+0x10587a]
V  [jvm.dll+0xcd19b]
V  [jvm.dll+0xcdc33]
V  [jvm.dll+0x112684]
V  [jvm.dll+0x135980]
V  [jvm.dll+0x1b8e51]
V  [jvm.dll+0x245897]
V  [jvm.dll+0x244005]
V  [jvm.dll+0x24477c]
V  [jvm.dll+0x244a8c]
V  [jvm.dll+0x29210c]
C  [ucrtbase.dll+0x26c0c]
C  [KERNEL32.DLL+0x154e0]
C  [ntdll.dll+0x485b]

VM_Operation (0x0000007d954ff110): GetOrSetLocal, mode: safepoint, requested by thread 0x000001d2bd9db800


---------------  P R O C E S S  ---------------

Java Threads: ( => current thread )
  0x000001d2be872800 JavaThread "ReaderThread" [_thread_in_native, id=15152, stack(0x0000007d95d00000,0x0000007d95e00000)]
  0x000001d2be3d7800 JavaThread "Service Thread" daemon [_thread_blocked, id=4004, stack(0x0000007d95b00000,0x0000007d95c00000)]
  0x000001d2be32e000 JavaThread "C1 CompilerThread3" daemon [_thread_blocked, id=2132, stack(0x0000007d95a00000,0x0000007d95b00000)]
  0x000001d2be329000 JavaThread "C2 CompilerThread2" daemon [_thread_blocked, id=24056, stack(0x0000007d95900000,0x0000007d95a00000)]
  0x000001d2be328800 JavaThread "C2 CompilerThread1" daemon [_thread_blocked, id=15488, stack(0x0000007d95800000,0x0000007d95900000)]
  0x000001d2be327800 JavaThread "C2 CompilerThread0" daemon [_thread_blocked, id=6440, stack(0x0000007d95700000,0x0000007d95800000)]
  0x000001d2bd9df000 JavaThread "JDWP Command Reader" daemon [_thread_in_native, id=17800, stack(0x0000007d95600000,0x0000007d95700000)]
  0x000001d2bd9dd000 JavaThread "JDWP Event Helper Thread" daemon [_thread_blocked, id=12896, stack(0x0000007d95500000,0x0000007d95600000)]
  0x000001d2bd9db800 JavaThread "JDWP Transport Listener: dt_socket" daemon [_thread_blocked, id=15032, stack(0x0000007d95400000,0x0000007d95500000)]
  0x000001d2bb6a3000 JavaThread "Attach Listener" daemon [_thread_blocked, id=21260, stack(0x0000007d95300000,0x0000007d95400000)]
  0x000001d2bb6a0000 JavaThread "Signal Dispatcher" daemon [_thread_blocked, id=23940, stack(0x0000007d95200000,0x0000007d95300000)]
  0x000001d2bb68a000 JavaThread "Finalizer" daemon [_thread_blocked, id=21820, stack(0x0000007d95100000,0x0000007d95200000)]
  0x000001d2a5125000 JavaThread "Reference Handler" daemon [_thread_blocked, id=3012, stack(0x0000007d95000000,0x0000007d95100000)]
  0x000001d2a50a2000 JavaThread "main" [_thread_blocked, id=21276, stack(0x0000007d94400000,0x0000007d94500000)]

Other Threads:
=>0x000001d2bb664800 VMThread [stack: 0x0000007d94f00000,0x0000007d95000000] [id=23288]
  0x000001d2be465000 WatcherThread [stack: 0x0000007d95c00000,0x0000007d95d00000] [id=5932]

VM state:at safepoint (normal execution)

VM Mutex/Monitor currently owned by a thread:  ([mutex/lock_event])
[0x000001d2a509fc50] Threads_lock - owner thread: 0x000001d2bb664800

heap address: 0x0000000081200000, size: 2030 MB, Compressed Oops mode: 32-bit
Narrow klass base: 0x0000000000000000, Narrow klass shift: 3
Compressed class space size: 1073741824 Address: 0x0000000100000000

Heap:
 PSYoungGen      total 71680K, used 63283K [0x00000000d5b80000, 0x00000000da680000, 0x0000000100000000)
  eden space 66560K, 87% used [0x00000000d5b80000,0x00000000d94af540,0x00000000d9c80000)
  from space 5120K, 92% used [0x00000000da180000,0x00000000da61d790,0x00000000da680000)
  to   space 5120K, 0% used [0x00000000d9c80000,0x00000000d9c80000,0x00000000da180000)
 ParOldGen       total 87552K, used 40K [0x0000000081200000, 0x0000000086780000, 0x00000000d5b80000)
  object space 87552K, 0% used [0x0000000081200000,0x000000008120a000,0x0000000086780000)
 Metaspace       used 17021K, capacity 18124K, committed 18304K, reserved 1064960K
  class space    used 2402K, capacity 2621K, committed 2688K, reserved 1048576K

Card table byte_map: [0x000001d2b5fb0000,0x000001d2b63b0000] byte_map_base: 0x000001d2b5ba7000

Marking Bits: (ParMarkBitMap*) 0x0000000059097fe0
 Begin Bits: [0x000001d2b6660000, 0x000001d2b8618000)
 End Bits:   [0x000001d2b8618000, 0x000001d2ba5d0000)

Polling page: 0x000001d2a5310000

CodeCache: size=245760Kb used=6550Kb max_used=6632Kb free=239209Kb
 bounds [0x000001d2a6bf0000, 0x000001d2a7270000, 0x000001d2b5bf0000]
 total_blobs=2101 nmethods=1750 adapters=272
 compilation: enabled

Compilation events (10 events):
Event: 1.281 Thread 0x000001d2be32e000 nmethod 1746 0x000001d2a7232e90 code [0x000001d2a7233020, 0x000001d2a72334f0]
Event: 1.281 Thread 0x000001d2be32e000 1747       3       java.util.regex.Pattern$Node::<init> (12 bytes)
Event: 1.281 Thread 0x000001d2be32e000 nmethod 1747 0x000001d2a7227e10 code [0x000001d2a7227f80, 0x000001d2a7228158]
Event: 1.283 Thread 0x000001d2be327800 1748       4       java.lang.Character::toLowerCase (9 bytes)
Event: 1.284 Thread 0x000001d2be327800 nmethod 1748 0x000001d2a7234810 code [0x000001d2a7234a20, 0x000001d2a7234bb8]
Event: 1.427 Thread 0x000001d2be328800 nmethod 1305 0x000001d2a724b190 code [0x000001d2a724b820, 0x000001d2a725edc0]
Event: 257.252 Thread 0x000001d2be327800 1749       4       org.eclipse.jdt.launching.internal.org.objectweb.asm.ClassReader::readUtf (161 bytes)
Event: 257.271 Thread 0x000001d2be327800 nmethod 1749 0x000001d2a7246410 code [0x000001d2a72465a0, 0x000001d2a72471b8]
Event: 1215.729 Thread 0x000001d2be32e000 1750       3       org.eclipse.jdt.launching.internal.org.objectweb.asm.Type::<init> (26 bytes)
Event: 1215.729 Thread 0x000001d2be32e000 nmethod 1750 0x000001d2a7234410 code [0x000001d2a7234560, 0x000001d2a7234738]

GC Heap History (8 events):
Event: 0.589 GC heap before
{Heap before GC invocations=1 (full 0):
 PSYoungGen      total 38400K, used 33280K [0x00000000d5b80000, 0x00000000d8600000, 0x0000000100000000)
  eden space 33280K, 100% used [0x00000000d5b80000,0x00000000d7c00000,0x00000000d7c00000)
  from space 5120K, 0% used [0x00000000d8100000,0x00000000d8100000,0x00000000d8600000)
  to   space 5120K, 0% used [0x00000000d7c00000,0x00000000d7c00000,0x00000000d8100000)
 ParOldGen       total 87552K, used 0K [0x0000000081200000, 0x0000000086780000, 0x00000000d5b80000)
  object space 87552K, 0% used [0x0000000081200000,0x0000000081200000,0x0000000086780000)
 Metaspace       used 8398K, capacity 8700K, committed 8832K, reserved 1056768K
  class space    used 948K, capacity 1030K, committed 1152K, reserved 1048576K
Event: 0.592 GC heap after
Heap after GC invocations=1 (full 0):
 PSYoungGen      total 38400K, used 3481K [0x00000000d5b80000, 0x00000000d8600000, 0x0000000100000000)
  eden space 33280K, 0% used [0x00000000d5b80000,0x00000000d5b80000,0x00000000d7c00000)
  from space 5120K, 67% used [0x00000000d7c00000,0x00000000d7f664c8,0x00000000d8100000)
  to   space 5120K, 0% used [0x00000000d8100000,0x00000000d8100000,0x00000000d8600000)
 ParOldGen       total 87552K, used 16K [0x0000000081200000, 0x0000000086780000, 0x00000000d5b80000)
  object space 87552K, 0% used [0x0000000081200000,0x0000000081204000,0x0000000086780000)
 Metaspace       used 8398K, capacity 8700K, committed 8832K, reserved 1056768K
  class space    used 948K, capacity 1030K, committed 1152K, reserved 1048576K
}
Event: 0.798 GC heap before
{Heap before GC invocations=2 (full 0):
 PSYoungGen      total 38400K, used 36761K [0x00000000d5b80000, 0x00000000d8600000, 0x0000000100000000)
  eden space 33280K, 100% used [0x00000000d5b80000,0x00000000d7c00000,0x00000000d7c00000)
  from space 5120K, 67% used [0x00000000d7c00000,0x00000000d7f664c8,0x00000000d8100000)
  to   space 5120K, 0% used [0x00000000d8100000,0x00000000d8100000,0x00000000d8600000)
 ParOldGen       total 87552K, used 16K [0x0000000081200000, 0x0000000086780000, 0x00000000d5b80000)
  object space 87552K, 0% used [0x0000000081200000,0x0000000081204000,0x0000000086780000)
 Metaspace       used 11620K, capacity 12570K, committed 12672K, reserved 1060864K
  class space    used 1432K, capacity 1643K, committed 1664K, reserved 1048576K
Event: 0.802 GC heap after
Heap after GC invocations=2 (full 0):
 PSYoungGen      total 38400K, used 4170K [0x00000000d5b80000, 0x00000000da680000, 0x0000000100000000)
  eden space 33280K, 0% used [0x00000000d5b80000,0x00000000d5b80000,0x00000000d7c00000)
  from space 5120K, 81% used [0x00000000d8100000,0x00000000d8512a60,0x00000000d8600000)
  to   space 5120K, 0% used [0x00000000d7c00000,0x00000000d7c00000,0x00000000d8100000)
 ParOldGen       total 87552K, used 24K [0x0000000081200000, 0x0000000086780000, 0x00000000d5b80000)
  object space 87552K, 0% used [0x0000000081200000,0x0000000081206000,0x0000000086780000)
 Metaspace       used 11620K, capacity 12570K, committed 12672K, reserved 1060864K
  class space    used 1432K, capacity 1643K, committed 1664K, reserved 1048576K
}
Event: 0.918 GC heap before
{Heap before GC invocations=3 (full 0):
 PSYoungGen      total 38400K, used 37450K [0x00000000d5b80000, 0x00000000da680000, 0x0000000100000000)
  eden space 33280K, 100% used [0x00000000d5b80000,0x00000000d7c00000,0x00000000d7c00000)
  from space 5120K, 81% used [0x00000000d8100000,0x00000000d8512a60,0x00000000d8600000)
  to   space 5120K, 0% used [0x00000000d7c00000,0x00000000d7c00000,0x00000000d8100000)
 ParOldGen       total 87552K, used 24K [0x0000000081200000, 0x0000000086780000, 0x00000000d5b80000)
  object space 87552K, 0% used [0x0000000081200000,0x0000000081206000,0x0000000086780000)
 Metaspace       used 13035K, capacity 14040K, committed 14208K, reserved 1060864K
  class space    used 1655K, capacity 1875K, committed 1920K, reserved 1048576K
Event: 0.922 GC heap after
Heap after GC invocations=3 (full 0):
 PSYoungGen      total 38400K, used 4596K [0x00000000d5b80000, 0x00000000da680000, 0x0000000100000000)
  eden space 33280K, 0% used [0x00000000d5b80000,0x00000000d5b80000,0x00000000d7c00000)
  from space 5120K, 89% used [0x00000000d7c00000,0x00000000d807d0b0,0x00000000d8100000)
  to   space 5120K, 0% used [0x00000000da180000,0x00000000da180000,0x00000000da680000)
 ParOldGen       total 87552K, used 32K [0x0000000081200000, 0x0000000086780000, 0x00000000d5b80000)
  object space 87552K, 0% used [0x0000000081200000,0x0000000081208000,0x0000000086780000)
 Metaspace       used 13035K, capacity 14040K, committed 14208K, reserved 1060864K
  class space    used 1655K, capacity 1875K, committed 1920K, reserved 1048576K
}
Event: 1.031 GC heap before
{Heap before GC invocations=4 (full 0):
 PSYoungGen      total 38400K, used 37876K [0x00000000d5b80000, 0x00000000da680000, 0x0000000100000000)
  eden space 33280K, 100% used [0x00000000d5b80000,0x00000000d7c00000,0x00000000d7c00000)
  from space 5120K, 89% used [0x00000000d7c00000,0x00000000d807d0b0,0x00000000d8100000)
  to   space 5120K, 0% used [0x00000000da180000,0x00000000da180000,0x00000000da680000)
 ParOldGen       total 87552K, used 32K [0x0000000081200000, 0x0000000086780000, 0x00000000d5b80000)
  object space 87552K, 0% used [0x0000000081200000,0x0000000081208000,0x0000000086780000)
 Metaspace       used 14312K, capacity 15338K, committed 15488K, reserved 1062912K
  class space    used 1931K, capacity 2134K, committed 2176K, reserved 1048576K
Event: 1.035 GC heap after
Heap after GC invocations=4 (full 0):
 PSYoungGen      total 71680K, used 4725K [0x00000000d5b80000, 0x00000000da680000, 0x0000000100000000)
  eden space 66560K, 0% used [0x00000000d5b80000,0x00000000d5b80000,0x00000000d9c80000)
  from space 5120K, 92% used [0x00000000da180000,0x00000000da61d790,0x00000000da680000)
  to   space 5120K, 0% used [0x00000000d9c80000,0x00000000d9c80000,0x00000000da180000)
 ParOldGen       total 87552K, used 40K [0x0000000081200000, 0x0000000086780000, 0x00000000d5b80000)
  object space 87552K, 0% used [0x0000000081200000,0x000000008120a000,0x0000000086780000)
 Metaspace       used 14312K, capacity 15338K, committed 15488K, reserved 1062912K
  class space    used 1931K, capacity 2134K, committed 2176K, reserved 1048576K
}

Deoptimization events (10 events):
Event: 1.206 Thread 0x000001d2a50a2000 Uncommon trap: reason=range_check action=none pc=0x000001d2a70cfb9c method=sun.reflect.generics.parser.SignatureParser.current()C @ 34
Event: 1.206 Thread 0x000001d2a50a2000 Uncommon trap: reason=range_check action=none pc=0x000001d2a70cfb9c method=sun.reflect.generics.parser.SignatureParser.current()C @ 34
Event: 1.206 Thread 0x000001d2a50a2000 Uncommon trap: reason=range_check action=none pc=0x000001d2a70cfb9c method=sun.reflect.generics.parser.SignatureParser.current()C @ 34
Event: 1.206 Thread 0x000001d2a50a2000 Uncommon trap: reason=range_check action=none pc=0x000001d2a70cfb9c method=sun.reflect.generics.parser.SignatureParser.current()C @ 34
Event: 1.206 Thread 0x000001d2a50a2000 Uncommon trap: reason=range_check action=none pc=0x000001d2a70cfb9c method=sun.reflect.generics.parser.SignatureParser.current()C @ 34
Event: 1.206 Thread 0x000001d2a50a2000 Uncommon trap: reason=range_check action=none pc=0x000001d2a70cfb9c method=sun.reflect.generics.parser.SignatureParser.current()C @ 34
Event: 1.207 Thread 0x000001d2a50a2000 Uncommon trap: reason=range_check action=none pc=0x000001d2a70cfb9c method=sun.reflect.generics.parser.SignatureParser.current()C @ 34
Event: 1.207 Thread 0x000001d2a50a2000 Uncommon trap: reason=range_check action=none pc=0x000001d2a70cfb9c method=sun.reflect.generics.parser.SignatureParser.current()C @ 34
Event: 1.281 Thread 0x000001d2a50a2000 Uncommon trap: reason=unstable_if action=reinterpret pc=0x000001d2a6da443c method=org.eclipse.jdt.launching.internal.org.objectweb.asm.ClassReader.readUtf(II[C)Ljava/lang/String; @ 41
Event: 1.281 Thread 0x000001d2a50a2000 Uncommon trap: reason=unstable_if action=reinterpret pc=0x000001d2a6d1acc0 method=java.lang.CharacterData.of(I)Ljava/lang/CharacterData; @ 4

Classes redefined (10 events):
Event: 1447.412 Thread 0x000001d2bb664800 redefined class name=com.tcs.ins.emp.service.EmployerService, count=3
Event: 1447.422 Thread 0x000001d2bb664800 redefined class name=com.tcs.ins.emp.service.mapper.EmployerMapper, count=3
Event: 1447.432 Thread 0x000001d2bb664800 redefined class name=com.tcs.ins.emp.repository.LoginRepository, count=3
Event: 1447.441 Thread 0x000001d2bb664800 redefined class name=com.tcs.ins.emp.services.DefaultEmployerServiceTest, count=22
Event: 1555.043 Thread 0x000001d2bb664800 redefined class name=com.tcs.ins.emp.service.DefaultEmployerService, count=4
Event: 1555.051 Thread 0x000001d2bb664800 redefined class name=com.tcs.ins.emp.service.EmployerService, count=4
Event: 1555.060 Thread 0x000001d2bb664800 redefined class name=com.tcs.ins.emp.service.mapper.EmployerMapper, count=4
Event: 1555.069 Thread 0x000001d2bb664800 redefined class name=com.tcs.ins.emp.repository.LoginRepository, count=4
Event: 1555.077 Thread 0x000001d2bb664800 redefined class name=com.tcs.ins.emp.services.DefaultEmployerServiceTest, count=23
Event: 1580.566 Thread 0x000001d2bb664800 redefined class name=com.tcs.ins.emp.services.DefaultEmployerServiceTest, count=24

Internal exceptions (10 events):
Event: 1.206 Thread 0x000001d2a50a2000 Exception <a 'java/lang/ArrayIndexOutOfBoundsException': 55> (0x00000000d87fa058) thrown at [C:\jenkins\workspace\8-2-build-windows-amd64-cygwin\jdk8u291\1294\hotspot\src\share\vm\interpreter\interpreterRuntime.cpp, line 371]
Event: 1.206 Thread 0x000001d2a50a2000 Exception <a 'java/lang/ArrayIndexOutOfBoundsException': 9> (0x00000000d87fb9b8) thrown at [C:\jenkins\workspace\8-2-build-windows-amd64-cygwin\jdk8u291\1294\hotspot\src\share\vm\interpreter\interpreterRuntime.cpp, line 371]
Event: 1.206 Thread 0x000001d2a50a2000 Exception <a 'java/lang/ArrayIndexOutOfBoundsException': 55> (0x00000000d87fda40) thrown at [C:\jenkins\workspace\8-2-build-windows-amd64-cygwin\jdk8u291\1294\hotspot\src\share\vm\interpreter\interpreterRuntime.cpp, line 371]
Event: 1.206 Thread 0x000001d2a50a2000 Exception <a 'java/lang/ArrayIndexOutOfBoundsException': 9> (0x00000000d87ffe58) thrown at [C:\jenkins\workspace\8-2-build-windows-amd64-cygwin\jdk8u291\1294\hotspot\src\share\vm\interpreter\interpreterRuntime.cpp, line 371]
Event: 1.206 Thread 0x000001d2a50a2000 Exception <a 'java/lang/ArrayIndexOutOfBoundsException': 59> (0x00000000d8802d50) thrown at [C:\jenkins\workspace\8-2-build-windows-amd64-cygwin\jdk8u291\1294\hotspot\src\share\vm\interpreter\interpreterRuntime.cpp, line 371]
Event: 1.206 Thread 0x000001d2a50a2000 Exception <a 'java/lang/ArrayIndexOutOfBoundsException': 62> (0x00000000d88043c8) thrown at [C:\jenkins\workspace\8-2-build-windows-amd64-cygwin\jdk8u291\1294\hotspot\src\share\vm\interpreter\interpreterRuntime.cpp, line 371]
Event: 1.206 Thread 0x000001d2a50a2000 Exception <a 'java/lang/ArrayIndexOutOfBoundsException': 83> (0x00000000d8806428) thrown at [C:\jenkins\workspace\8-2-build-windows-amd64-cygwin\jdk8u291\1294\hotspot\src\share\vm\interpreter\interpreterRuntime.cpp, line 371]
Event: 1.206 Thread 0x000001d2a50a2000 Exception <a 'java/lang/ArrayIndexOutOfBoundsException': 79> (0x00000000d8808cc8) thrown at [C:\jenkins\workspace\8-2-build-windows-amd64-cygwin\jdk8u291\1294\hotspot\src\share\vm\interpreter\interpreterRuntime.cpp, line 371]
Event: 1.207 Thread 0x000001d2a50a2000 Exception <a 'java/lang/ArrayIndexOutOfBoundsException': 117> (0x00000000d880b9b8) thrown at [C:\jenkins\workspace\8-2-build-windows-amd64-cygwin\jdk8u291\1294\hotspot\src\share\vm\interpreter\interpreterRuntime.cpp, line 371]
Event: 1.207 Thread 0x000001d2a50a2000 Exception <a 'java/lang/ArrayIndexOutOfBoundsException': 143> (0x00000000d880eb70) thrown at [C:\jenkins\workspace\8-2-build-windows-amd64-cygwin\jdk8u291\1294\hotspot\src\share\vm\interpreter\interpreterRuntime.cpp, line 371]

Events (10 events):
Event: 1598.853 Executing VM operation: GetOrSetLocal done
Event: 1598.914 Executing VM operation: GetOrSetLocal
Event: 1598.914 Executing VM operation: GetOrSetLocal done
Event: 1598.915 Executing VM operation: GetOrSetLocal
Event: 1598.915 Executing VM operation: GetOrSetLocal done
Event: 1602.289 Executing VM operation: ChangeBreakpoints
Event: 1602.290 Executing VM operation: ChangeBreakpoints done
Event: 1603.245 Executing VM operation: ChangeBreakpoints
Event: 1603.246 Executing VM operation: ChangeBreakpoints done
Event: 1605.821 Executing VM operation: GetOrSetLocal


Dynamic libraries:
0x00007ff66b780000 - 0x00007ff66b7c7000 	C:\Program Files\Java\jdk1.8.0_291\bin\javaw.exe
0x00007ffa0df80000 - 0x00007ffa0e187000 	C:\WINDOWS\SYSTEM32\ntdll.dll
0x00007ffa0d820000 - 0x00007ffa0d8dd000 	C:\WINDOWS\System32\KERNEL32.DLL
0x00007ffa0b830000 - 0x00007ffa0bba4000 	C:\WINDOWS\System32\KERNELBASE.dll
0x00007ffa06c80000 - 0x00007ffa06d11000 	C:\WINDOWS\SYSTEM32\apphelp.dll
0x00007ffa0d730000 - 0x00007ffa0d7dc000 	C:\WINDOWS\System32\ADVAPI32.dll
0x00007ffa0ce90000 - 0x00007ffa0cf33000 	C:\WINDOWS\System32\msvcrt.dll
0x00007ffa0cba0000 - 0x00007ffa0cc3d000 	C:\WINDOWS\System32\sechost.dll
0x00007ffa0cc40000 - 0x00007ffa0cd61000 	C:\WINDOWS\System32\RPCRT4.dll
0x00007ffa0dd30000 - 0x00007ffa0dedc000 	C:\WINDOWS\System32\USER32.dll
0x00007ffa0b800000 - 0x00007ffa0b826000 	C:\WINDOWS\System32\win32u.dll
0x00007ffa0d7e0000 - 0x00007ffa0d809000 	C:\WINDOWS\System32\GDI32.dll
0x00007ffa0b460000 - 0x00007ffa0b572000 	C:\WINDOWS\System32\gdi32full.dll
0x00007ffa0b6a0000 - 0x00007ffa0b73d000 	C:\WINDOWS\System32\msvcp_win.dll
0x00007ffa0b580000 - 0x00007ffa0b691000 	C:\WINDOWS\System32\ucrtbase.dll
0x00007ff9e74b0000 - 0x00007ff9e7755000 	C:\WINDOWS\WinSxS\amd64_microsoft.windows.common-controls_6595b64144ccf1df_6.0.22000.120_none_9d947278b86cc467\COMCTL32.dll
0x00007ffa0cf40000 - 0x00007ffa0cf71000 	C:\WINDOWS\System32\IMM32.DLL
0x00007ff9ff3c0000 - 0x00007ff9ff3d5000 	C:\Program Files\Java\jdk1.8.0_291\jre\bin\vcruntime140.dll
0x00007ff996bf0000 - 0x00007ff996c8b000 	C:\Program Files\Java\jdk1.8.0_291\jre\bin\msvcp140.dll
0x00000000588b0000 - 0x0000000059110000 	C:\Program Files\Java\jdk1.8.0_291\jre\bin\server\jvm.dll
0x00007ffa0dc20000 - 0x00007ffa0dc28000 	C:\WINDOWS\System32\PSAPI.DLL
0x00007ffa04420000 - 0x00007ffa0442a000 	C:\WINDOWS\SYSTEM32\VERSION.dll
0x00007ffa067f0000 - 0x00007ffa06823000 	C:\WINDOWS\SYSTEM32\WINMM.dll
0x00007ffa07420000 - 0x00007ffa07429000 	C:\WINDOWS\SYSTEM32\WSOCK32.dll
0x00007ffa0d8e0000 - 0x00007ffa0d94f000 	C:\WINDOWS\System32\WS2_32.dll
0x00007ffa0a540000 - 0x00007ffa0a558000 	C:\WINDOWS\SYSTEM32\kernel.appcore.dll
0x00007ff9e62b0000 - 0x00007ff9e62c0000 	C:\Program Files\Java\jdk1.8.0_291\jre\bin\verify.dll
0x00007ff9e43a0000 - 0x00007ff9e43cb000 	C:\Program Files\Java\jdk1.8.0_291\jre\bin\java.dll
0x00007ff9daef0000 - 0x00007ff9daf26000 	C:\Program Files\Java\jdk1.8.0_291\jre\bin\jdwp.dll
0x00007ff9e6060000 - 0x00007ff9e6069000 	C:\Program Files\Java\jdk1.8.0_291\jre\bin\npt.dll
0x00007ff9e40b0000 - 0x00007ff9e40e0000 	C:\Program Files\Java\jdk1.8.0_291\jre\bin\instrument.dll
0x00007ff9e3630000 - 0x00007ff9e3648000 	C:\Program Files\Java\jdk1.8.0_291\jre\bin\zip.dll
0x00007ffa0cf80000 - 0x00007ffa0d72e000 	C:\WINDOWS\System32\SHELL32.dll
0x00007ffa095c0000 - 0x00007ffa09e27000 	C:\WINDOWS\SYSTEM32\windows.storage.dll
0x00007ffa0c820000 - 0x00007ffa0cb98000 	C:\WINDOWS\System32\combase.dll
0x00007ffa09450000 - 0x00007ffa095b6000 	C:\WINDOWS\SYSTEM32\wintypes.dll
0x00007ffa0c730000 - 0x00007ffa0c81a000 	C:\WINDOWS\System32\SHCORE.dll
0x00007ffa0dc30000 - 0x00007ffa0dc8d000 	C:\WINDOWS\System32\shlwapi.dll
0x00007ffa0b390000 - 0x00007ffa0b3b1000 	C:\WINDOWS\SYSTEM32\profapi.dll
0x00007ff9e5260000 - 0x00007ff9e526a000 	C:\Program Files\Java\jdk1.8.0_291\jre\bin\dt_socket.dll
0x00007ff9e5e60000 - 0x00007ff9e5e77000 	C:\WINDOWS\system32\napinsp.dll
0x00007ff9e50a0000 - 0x00007ff9e50bb000 	C:\WINDOWS\system32\pnrpnsp.dll
0x00007ffa0a940000 - 0x00007ffa0a9a7000 	C:\WINDOWS\System32\mswsock.dll
0x00007ffa0a0f0000 - 0x00007ffa0a1d7000 	C:\WINDOWS\SYSTEM32\DNSAPI.dll
0x00007ffa0a080000 - 0x00007ffa0a0ad000 	C:\WINDOWS\SYSTEM32\IPHLPAPI.DLL
0x00007ffa0d810000 - 0x00007ffa0d819000 	C:\WINDOWS\System32\NSI.dll
0x00007ff9e5010000 - 0x00007ff9e5022000 	C:\WINDOWS\System32\winrnr.dll
0x00007ffa043b0000 - 0x00007ffa043c5000 	C:\WINDOWS\system32\wshbth.dll
0x00007ff9e46f0000 - 0x00007ff9e470f000 	C:\WINDOWS\system32\nlansp_c.dll
0x00007ffa04040000 - 0x00007ffa040c1000 	C:\WINDOWS\System32\fwpuclnt.dll
0x00007ffa029e0000 - 0x00007ffa029ea000 	C:\Windows\System32\rasadhlp.dll
0x00007ff9e1800000 - 0x00007ff9e181c000 	C:\Program Files\Java\jdk1.8.0_291\jre\bin\net.dll
0x00007ffa08d00000 - 0x00007ffa08f21000 	C:\WINDOWS\SYSTEM32\dbghelp.dll
0x00007ffa0bbb0000 - 0x00007ffa0bc2f000 	C:\WINDOWS\System32\bcryptPrimitives.dll

VM Arguments:
jvm_args: -agentlib:jdwp=transport=dt_socket,suspend=y,address=localhost:56969 -ea -javaagent:F:\Software\jee-2021-12\eclipse\configuration\org.eclipse.osgi\418\0\.cp\lib\javaagent-shaded.jar -Dfile.encoding=UTF-8 
java_command: org.eclipse.jdt.internal.junit.runner.RemoteTestRunner -version 3 -port 56968 -testLoaderClass org.eclipse.jdt.internal.junit5.runner.JUnit5TestLoader -loaderpluginname org.eclipse.jdt.junit5.runtime -classNames com.tcs.ins.emp.services.DefaultEmployerServiceTest
java_class_path (initial): F:\WORKSPACE\ins-str-employer-api\target\test-classes;F:\WORKSPACE\ins-str-employer-api\target\classes;C:\Users\Admin-PC\.m2\repository\org\springframework\boot\spring-boot-starter-web\2.6.1\spring-boot-starter-web-2.6.1.jar;C:\Users\Admin-PC\.m2\repository\org\springframework\boot\spring-boot-starter\2.6.1\spring-boot-starter-2.6.1.jar;C:\Users\Admin-PC\.m2\repository\org\springframework\boot\spring-boot\2.6.1\spring-boot-2.6.1.jar;C:\Users\Admin-PC\.m2\repository\org\springframework\boot\spring-boot-autoconfigure\2.6.1\spring-boot-autoconfigure-2.6.1.jar;C:\Users\Admin-PC\.m2\repository\org\springframework\boot\spring-boot-starter-logging\2.6.1\spring-boot-starter-logging-2.6.1.jar;C:\Users\Admin-PC\.m2\repository\ch\qos\logback\logback-classic\1.2.7\logback-classic-1.2.7.jar;C:\Users\Admin-PC\.m2\repository\ch\qos\logback\logback-core\1.2.7\logback-core-1.2.7.jar;C:\Users\Admin-PC\.m2\repository\org\apache\logging\log4j\log4j-to-slf4j\2.14.1\log4j-to-slf4j-2.14.1.jar;C:\Users\Admin-PC\.m2\repository\org\apache\logging\log4j\log4j-api\2.14.1\log4j-api-2.14.1.jar;C:\Users\Admin-PC\.m2\repository\org\slf4j\jul-to-slf4j\1.7.32\jul-to-slf4j-1.7.32.jar;C:\Users\Admin-PC\.m2\repository\jakarta\annotation\jakarta.annotation-api\1.3.5\jakarta.annotation-api-1.3.5.jar;C:\Users\Admin-PC\.m2\repository\org\yaml\snakeyaml\1.29\snakeyaml-1.29.jar;C:\Users\Admin-PC\.m2\repository\org\springframework\boot\spring-boot-starter-json\2.6.1\spring-boot-starter-json-2.6.1.jar;C:\Users\Admin-PC\.m2\repository\com\fasterxml\jackson\core\jackson-databind\2.13.0\jackson-databind-2.13.0.jar;C:\Users\Admin-PC\.m2\repository\com\fasterxml\jackson\core\jackson-annotations\2.13.0\jackson-annotations-2.13.0.jar;C:\Users\Admin-PC\.m2\repository\com\fasterxml\jackson\core\jackson-core\2.13.0\jackson-core-2.13.0.jar;C:\Users\Admin-PC\.m2\repository\com\fasterxml\jackson\datatype\jackson-datatype-jdk8\2.13.0\jackson-datatype-jdk8-2.13.0.jar;C:\Users\Admin-PC\.m2\reposit
Launcher Type: SUN_STANDARD

Environment Variables:
PATH=C:\Program Files\Java\jdk1.8.0_291\jre\bin;C:/Users/Admin-PC/.p2/pool/plugins/org.eclipse.justj.openjdk.hotspot.jre.full.win32.x86_64_17.0.1.v20211116-1657/jre/bin/server;C:/Users/Admin-PC/.p2/pool/plugins/org.eclipse.justj.openjdk.hotspot.jre.full.win32.x86_64_17.0.1.v20211116-1657/jre/bin;C:\Program Files (x86)\Common Files\Oracle\Java\javapath;C:\Windows\system32;C:\Windows;C:\Windows\System32\Wbem;C:\Windows\System32\WindowsPowerShell\v1.0\;C:\Windows\System32\OpenSSH\;C:\Program Files (x86)\NVIDIA Corporation\PhysX\Common;C:\Program Files\NVIDIA Corporation\NVIDIA NvDLISR;C:\WINDOWS\system32;C:\WINDOWS;C:\WINDOWS\System32\Wbem;C:\WINDOWS\System32\WindowsPowerShell\v1.0\;C:\WINDOWS\System32\OpenSSH\;C:\Program Files\Git\cmd;C:\Program Files\Docker\Docker\resources\bin;C:\ProgramData\DockerDesktop\version-bin;D:\Download\apache-maven-3.8.4\bin;C:\Program Files\Java\jdk1.8.0_291\bin;;C:\Users\Admin-PC\AppData\Local\Programs\Microsoft VS Code\bin;C:\Users\Admin-PC\Desktop;
USERNAME=Admin-PC
OS=Windows_NT
PROCESSOR_IDENTIFIER=AMD64 Family 23 Model 113 Stepping 0, AuthenticAMD



---------------  S Y S T E M  ---------------

OS: Windows 10.0 , 64 bit Build 22000 (10.0.22000.318)

CPU:total 12 (initial active 12) (12 cores per cpu, 1 threads per core) family 23 model 113 stepping 0, cmov, cx8, fxsr, mmx, sse, sse2, sse3, ssse3, sse4.1, sse4.2, popcnt, avx, avx2, aes, clmul, mmxext, 3dnowpref, lzcnt, sse4a, tsc, tscinvbit, tscinv, bmi1

Memory: 4k page, physical 8312548k(804204k free), swap 20895460k(5509228k free)

vm_info: Java HotSpot(TM) 64-Bit Server VM (25.291-b10) for windows-amd64 JRE (1.8.0_291-b10), built on Apr  9 2021 00:02:00 by "java_re" with MS VC++ 15.9 (VS2017)

time: Sat Jan  8 18:36:39 2022
timezone: India Standard Time
elapsed time: 1605.865972 seconds (0d 0h 26m 45s)

